<?xml version="1.0" encoding="UTF-8"?>
<!-- Generated by org.testng.reporters.JUnitReportReporter -->
<testsuite hostname="LAPTOP-2RRNTGGI" failures="0" tests="3" name="BasicOfTestNG.Demo2" time="0.009" errors="0" timestamp="2023-11-01T11:30:29 IST" skipped="0">
  <testcase classname="BasicOfTestNG.Demo2" name="Register" time="0.002"/>
  <testcase classname="BasicOfTestNG.Demo2" name="Login" time="0.005"/>
  <testcase classname="BasicOfTestNG.Demo2" name="AddToCart" time="0.002"/>
</testsuite> <!-- BasicOfTestNG.Demo2 -->
