<?xml version="1.0" encoding="UTF-8"?>
<!-- Generated by org.testng.reporters.JUnitReportReporter -->
<testsuite hostname="LAPTOP-2RRNTGGI" failures="0" tests="1" name="BasicOfTestNG.Demo5" time="7.087" errors="0" timestamp="2023-11-01T11:30:29 IST" skipped="0">
  <testcase classname="BasicOfTestNG.Demo5" name="Login" time="7.087"/>
</testsuite> <!-- BasicOfTestNG.Demo5 -->
