<?xml version="1.0" encoding="UTF-8"?>
<!-- Generated by org.testng.reporters.JUnitReportReporter -->
<testsuite hostname="LAPTOP-2RRNTGGI" failures="0" tests="3" name="BasicOfTestNG.Demo3" time="24.170" errors="0" timestamp="2023-11-01T11:30:29 IST" skipped="0">
  <testcase classname="BasicOfTestNG.Demo3" name="Register" time="8.145"/>
  <testcase classname="BasicOfTestNG.Demo3" name="Login" time="7.063"/>
  <testcase classname="BasicOfTestNG.Demo3" name="AddToCakt" time="8.962"/>
</testsuite> <!-- BasicOfTestNG.Demo3 -->
