<?xml version="1.0" encoding="UTF-8"?>
<!-- Generated by org.testng.reporters.JUnitReportReporter -->
<testsuite hostname="LAPTOP-2RRNTGGI" failures="0" tests="2" name="BasicOfTestNG.Demo4" time="19.767" errors="0" timestamp="2023-11-01T11:30:29 IST" skipped="0">
  <testcase classname="BasicOfTestNG.Demo4" name="Login" time="8.029"/>
  <testcase classname="BasicOfTestNG.Demo4" name="Logout" time="11.738"/>
</testsuite> <!-- BasicOfTestNG.Demo4 -->
