<?xml version="1.0" encoding="UTF-8"?>
<!-- Generated by org.testng.reporters.JUnitReportReporter -->
<testsuite hostname="LAPTOP-2RRNTGGI" failures="0" tests="1" name="BasicOfTestNG.Demo6" time="11.453" errors="0" timestamp="2023-11-01T21:55:05 IST" skipped="0">
  <testcase classname="BasicOfTestNG.Demo6" name="Logout" time="11.453"/>
</testsuite> <!-- BasicOfTestNG.Demo6 -->
