<?xml version="1.0" encoding="UTF-8"?>
<!-- Generated by org.testng.reporters.JUnitReportReporter -->
<testsuite hostname="LAPTOP-2RRNTGGI" failures="0" tests="2" name="BasicOfTestNG.Demo" time="5.265" errors="0" timestamp="2023-11-01T11:30:29 IST" skipped="0">
  <testcase classname="BasicOfTestNG.Demo" name="register" time="0.009"/>
  <testcase classname="BasicOfTestNG.Demo" name="Login" time="5.256"/>
</testsuite> <!-- BasicOfTestNG.Demo -->
